Sample info file: ../metadata/Nextera_Indexes.xlsx 
Pool directory: ../data/qseq 
Number of lanes: 1 

Lane: 1
Working on directory: ../data/qseq/SxaQSEQsXap108L1 
Out directory: ../data/fastq/SxaQSEQsXap108L1 
Merging two paired reads from qseq files
@@@ ../data/qseq/SxaQSEQsXap108L1/s_1_2_1101_qseq.txt.gz ../data/qseq/SxaQSEQsXap108L1/s_1_1_1101_qseq.txt.gz ../data/qseq/SxaQSEQsXap108L1/s_1_3_1101_qseq.txt.gz -> ../data/fastq/SxaQSEQsXap108L1/s_1_1101.txt...  Fri Jun  3 18:16:57 PDT 2016
@@@ ../data/qseq/SxaQSEQsXap108L1/s_1_2_1102_qseq.txt.gz ../data/qseq/SxaQSEQsXap108L1/s_1_1_1102_qseq.txt.gz ../data/qseq/SxaQSEQsXap108L1/s_1_3_1102_qseq.txt.gz -> ../data/fastq/SxaQSEQsXap108L1/s_1_1102.txt...  Fri Jun  3 18:17:22 PDT 2016
@@@ ../data/qseq/SxaQSEQsXap108L1/s_1_2_1103_qseq.txt.gz ../data/qseq/SxaQSEQsXap108L1/s_1_1_1103_qseq.txt.gz ../data/qseq/SxaQSEQsXap108L1/s_1_3_1103_qseq.txt.gz -> ../data/fastq/SxaQSEQsXap108L1/s_1_1103.txt...  Fri Jun  3 18:17:47 PDT 2016
@@@ ../data/qseq/SxaQSEQsXap108L1/s_1_2_1104_qseq.txt.gz ../data/qseq/SxaQSEQsXap108L1/s_1_1_1104_qseq.txt.gz ../data/qseq/SxaQSEQsXap108L1/s_1_3_1104_qseq.txt.gz -> ../data/fastq/SxaQSEQsXap108L1/s_1_1104.txt...  Fri Jun  3 18:18:14 PDT 2016
@@@ ../data/qseq/SxaQSEQsXap108L1/s_1_2_1105_qseq.txt.gz ../data/qseq/SxaQSEQsXap108L1/s_1_1_1105_qseq.txt.gz ../data/qseq/SxaQSEQsXap108L1/s_1_3_1105_qseq.txt.gz -> ../data/fastq/SxaQSEQsXap108L1/s_1_1105.txt...  Fri Jun  3 18:18:41 PDT 2016
@@@ ../data/qseq/SxaQSEQsXap108L1/s_1_2_1106_qseq.txt.gz ../data/qseq/SxaQSEQsXap108L1/s_1_1_1106_qseq.txt.gz ../data/qseq/SxaQSEQsXap108L1/s_1_3_1106_qseq.txt.gz -> ../data/fastq/SxaQSEQsXap108L1/s_1_1106.txt...  Fri Jun  3 18:19:08 PDT 2016
@@@ ../data/qseq/SxaQSEQsXap108L1/s_1_2_1107_qseq.txt.gz ../data/qseq/SxaQSEQsXap108L1/s_1_1_1107_qseq.txt.gz ../data/qseq/SxaQSEQsXap108L1/s_1_3_1107_qseq.txt.gz -> ../data/fastq/SxaQSEQsXap108L1/s_1_1107.txt...  Fri Jun  3 18:19:35 PDT 2016
@@@ ../data/qseq/SxaQSEQsXap108L1/s_1_2_1108_qseq.txt.gz ../data/qseq/SxaQSEQsXap108L1/s_1_1_1108_qseq.txt.gz ../data/qseq/SxaQSEQsXap108L1/s_1_3_1108_qseq.txt.gz -> ../data/fastq/SxaQSEQsXap108L1/s_1_1108.txt...  Fri Jun  3 18:20:02 PDT 2016
@@@ ../data/qseq/SxaQSEQsXap108L1/s_1_2_1109_qseq.txt.gz ../data/qseq/SxaQSEQsXap108L1/s_1_1_1109_qseq.txt.gz ../data/qseq/SxaQSEQsXap108L1/s_1_3_1109_qseq.txt.gz -> ../data/fastq/SxaQSEQsXap108L1/s_1_1109.txt...  Fri Jun  3 18:20:31 PDT 2016
@@@ ../data/qseq/SxaQSEQsXap108L1/s_1_2_1110_qseq.txt.gz ../data/qseq/SxaQSEQsXap108L1/s_1_1_1110_qseq.txt.gz ../data/qseq/SxaQSEQsXap108L1/s_1_3_1110_qseq.txt.gz -> ../data/fastq/SxaQSEQsXap108L1/s_1_1110.txt...  Fri Jun  3 18:20:58 PDT 2016
@@@ ../data/qseq/SxaQSEQsXap108L1/s_1_2_1111_qseq.txt.gz ../data/qseq/SxaQSEQsXap108L1/s_1_1_1111_qseq.txt.gz ../data/qseq/SxaQSEQsXap108L1/s_1_3_1111_qseq.txt.gz -> ../data/fastq/SxaQSEQsXap108L1/s_1_1111.txt...  Fri Jun  3 18:21:26 PDT 2016
@@@ ../data/qseq/SxaQSEQsXap108L1/s_1_2_1112_qseq.txt.gz ../data/qseq/SxaQSEQsXap108L1/s_1_1_1112_qseq.txt.gz ../data/qseq/SxaQSEQsXap108L1/s_1_3_1112_qseq.txt.gz -> ../data/fastq/SxaQSEQsXap108L1/s_1_1112.txt...  Fri Jun  3 18:21:57 PDT 2016
@@@ ../data/qseq/SxaQSEQsXap108L1/s_1_2_1113_qseq.txt.gz ../data/qseq/SxaQSEQsXap108L1/s_1_1_1113_qseq.txt.gz ../data/qseq/SxaQSEQsXap108L1/s_1_3_1113_qseq.txt.gz -> ../data/fastq/SxaQSEQsXap108L1/s_1_1113.txt...  Fri Jun  3 18:22:29 PDT 2016
@@@ ../data/qseq/SxaQSEQsXap108L1/s_1_2_1114_qseq.txt.gz ../data/qseq/SxaQSEQsXap108L1/s_1_1_1114_qseq.txt.gz ../data/qseq/SxaQSEQsXap108L1/s_1_3_1114_qseq.txt.gz -> ../data/fastq/SxaQSEQsXap108L1/s_1_1114.txt...  Fri Jun  3 18:23:00 PDT 2016
@@@ ../data/qseq/SxaQSEQsXap108L1/s_1_2_1115_qseq.txt.gz ../data/qseq/SxaQSEQsXap108L1/s_1_1_1115_qseq.txt.gz ../data/qseq/SxaQSEQsXap108L1/s_1_3_1115_qseq.txt.gz -> ../data/fastq/SxaQSEQsXap108L1/s_1_1115.txt...  Fri Jun  3 18:23:33 PDT 2016
@@@ ../data/qseq/SxaQSEQsXap108L1/s_1_2_1116_qseq.txt.gz ../data/qseq/SxaQSEQsXap108L1/s_1_1_1116_qseq.txt.gz ../data/qseq/SxaQSEQsXap108L1/s_1_3_1116_qseq.txt.gz -> ../data/fastq/SxaQSEQsXap108L1/s_1_1116.txt...  Fri Jun  3 18:24:06 PDT 2016
@@@ ../data/qseq/SxaQSEQsXap108L1/s_1_2_1201_qseq.txt.gz ../data/qseq/SxaQSEQsXap108L1/s_1_1_1201_qseq.txt.gz ../data/qseq/SxaQSEQsXap108L1/s_1_3_1201_qseq.txt.gz -> ../data/fastq/SxaQSEQsXap108L1/s_1_1201.txt...  Fri Jun  3 18:24:43 PDT 2016
@@@ ../data/qseq/SxaQSEQsXap108L1/s_1_2_1202_qseq.txt.gz ../data/qseq/SxaQSEQsXap108L1/s_1_1_1202_qseq.txt.gz ../data/qseq/SxaQSEQsXap108L1/s_1_3_1202_qseq.txt.gz -> ../data/fastq/SxaQSEQsXap108L1/s_1_1202.txt...  Fri Jun  3 18:25:24 PDT 2016
@@@ ../data/qseq/SxaQSEQsXap108L1/s_1_2_1203_qseq.txt.gz ../data/qseq/SxaQSEQsXap108L1/s_1_1_1203_qseq.txt.gz ../data/qseq/SxaQSEQsXap108L1/s_1_3_1203_qseq.txt.gz -> ../data/fastq/SxaQSEQsXap108L1/s_1_1203.txt...  Fri Jun  3 18:25:55 PDT 2016
@@@ ../data/qseq/SxaQSEQsXap108L1/s_1_2_1204_qseq.txt.gz ../data/qseq/SxaQSEQsXap108L1/s_1_1_1204_qseq.txt.gz ../data/qseq/SxaQSEQsXap108L1/s_1_3_1204_qseq.txt.gz -> ../data/fastq/SxaQSEQsXap108L1/s_1_1204.txt...  Fri Jun  3 18:26:25 PDT 2016
@@@ ../data/qseq/SxaQSEQsXap108L1/s_1_2_1205_qseq.txt.gz ../data/qseq/SxaQSEQsXap108L1/s_1_1_1205_qseq.txt.gz ../data/qseq/SxaQSEQsXap108L1/s_1_3_1205_qseq.txt.gz -> ../data/fastq/SxaQSEQsXap108L1/s_1_1205.txt...  Fri Jun  3 18:26:59 PDT 2016
@@@ ../data/qseq/SxaQSEQsXap108L1/s_1_2_1206_qseq.txt.gz ../data/qseq/SxaQSEQsXap108L1/s_1_1_1206_qseq.txt.gz ../data/qseq/SxaQSEQsXap108L1/s_1_3_1206_qseq.txt.gz -> ../data/fastq/SxaQSEQsXap108L1/s_1_1206.txt...  Fri Jun  3 18:27:34 PDT 2016
@@@ ../data/qseq/SxaQSEQsXap108L1/s_1_2_1207_qseq.txt.gz ../data/qseq/SxaQSEQsXap108L1/s_1_1_1207_qseq.txt.gz ../data/qseq/SxaQSEQsXap108L1/s_1_3_1207_qseq.txt.gz -> ../data/fastq/SxaQSEQsXap108L1/s_1_1207.txt...  Fri Jun  3 18:28:09 PDT 2016
@@@ ../data/qseq/SxaQSEQsXap108L1/s_1_2_1208_qseq.txt.gz ../data/qseq/SxaQSEQsXap108L1/s_1_1_1208_qseq.txt.gz ../data/qseq/SxaQSEQsXap108L1/s_1_3_1208_qseq.txt.gz -> ../data/fastq/SxaQSEQsXap108L1/s_1_1208.txt...  Fri Jun  3 18:28:46 PDT 2016
@@@ ../data/qseq/SxaQSEQsXap108L1/s_1_2_1209_qseq.txt.gz ../data/qseq/SxaQSEQsXap108L1/s_1_1_1209_qseq.txt.gz ../data/qseq/SxaQSEQsXap108L1/s_1_3_1209_qseq.txt.gz -> ../data/fastq/SxaQSEQsXap108L1/s_1_1209.txt...  Fri Jun  3 18:29:24 PDT 2016
@@@ ../data/qseq/SxaQSEQsXap108L1/s_1_2_1210_qseq.txt.gz ../data/qseq/SxaQSEQsXap108L1/s_1_1_1210_qseq.txt.gz ../data/qseq/SxaQSEQsXap108L1/s_1_3_1210_qseq.txt.gz -> ../data/fastq/SxaQSEQsXap108L1/s_1_1210.txt...  Fri Jun  3 18:30:01 PDT 2016
@@@ ../data/qseq/SxaQSEQsXap108L1/s_1_2_1211_qseq.txt.gz ../data/qseq/SxaQSEQsXap108L1/s_1_1_1211_qseq.txt.gz ../data/qseq/SxaQSEQsXap108L1/s_1_3_1211_qseq.txt.gz -> ../data/fastq/SxaQSEQsXap108L1/s_1_1211.txt...  Fri Jun  3 18:30:36 PDT 2016
@@@ ../data/qseq/SxaQSEQsXap108L1/s_1_2_1212_qseq.txt.gz ../data/qseq/SxaQSEQsXap108L1/s_1_1_1212_qseq.txt.gz ../data/qseq/SxaQSEQsXap108L1/s_1_3_1212_qseq.txt.gz -> ../data/fastq/SxaQSEQsXap108L1/s_1_1212.txt...  Fri Jun  3 18:31:17 PDT 2016
@@@ ../data/qseq/SxaQSEQsXap108L1/s_1_2_1213_qseq.txt.gz ../data/qseq/SxaQSEQsXap108L1/s_1_1_1213_qseq.txt.gz ../data/qseq/SxaQSEQsXap108L1/s_1_3_1213_qseq.txt.gz -> ../data/fastq/SxaQSEQsXap108L1/s_1_1213.txt...  Fri Jun  3 18:32:02 PDT 2016
@@@ ../data/qseq/SxaQSEQsXap108L1/s_1_2_1214_qseq.txt.gz ../data/qseq/SxaQSEQsXap108L1/s_1_1_1214_qseq.txt.gz ../data/qseq/SxaQSEQsXap108L1/s_1_3_1214_qseq.txt.gz -> ../data/fastq/SxaQSEQsXap108L1/s_1_1214.txt...  Fri Jun  3 18:32:44 PDT 2016
@@@ ../data/qseq/SxaQSEQsXap108L1/s_1_2_1215_qseq.txt.gz ../data/qseq/SxaQSEQsXap108L1/s_1_1_1215_qseq.txt.gz ../data/qseq/SxaQSEQsXap108L1/s_1_3_1215_qseq.txt.gz -> ../data/fastq/SxaQSEQsXap108L1/s_1_1215.txt...  Fri Jun  3 18:33:29 PDT 2016
@@@ ../data/qseq/SxaQSEQsXap108L1/s_1_2_1216_qseq.txt.gz ../data/qseq/SxaQSEQsXap108L1/s_1_1_1216_qseq.txt.gz ../data/qseq/SxaQSEQsXap108L1/s_1_3_1216_qseq.txt.gz -> ../data/fastq/SxaQSEQsXap108L1/s_1_1216.txt...  Fri Jun  3 18:34:16 PDT 2016
@@@ ../data/qseq/SxaQSEQsXap108L1/s_1_2_2101_qseq.txt.gz ../data/qseq/SxaQSEQsXap108L1/s_1_1_2101_qseq.txt.gz ../data/qseq/SxaQSEQsXap108L1/s_1_3_2101_qseq.txt.gz -> ../data/fastq/SxaQSEQsXap108L1/s_1_2101.txt...  Fri Jun  3 18:35:01 PDT 2016
@@@ ../data/qseq/SxaQSEQsXap108L1/s_1_2_2102_qseq.txt.gz ../data/qseq/SxaQSEQsXap108L1/s_1_1_2102_qseq.txt.gz ../data/qseq/SxaQSEQsXap108L1/s_1_3_2102_qseq.txt.gz -> ../data/fastq/SxaQSEQsXap108L1/s_1_2102.txt...  Fri Jun  3 18:35:29 PDT 2016
@@@ ../data/qseq/SxaQSEQsXap108L1/s_1_2_2103_qseq.txt.gz ../data/qseq/SxaQSEQsXap108L1/s_1_1_2103_qseq.txt.gz ../data/qseq/SxaQSEQsXap108L1/s_1_3_2103_qseq.txt.gz -> ../data/fastq/SxaQSEQsXap108L1/s_1_2103.txt...  Fri Jun  3 18:35:59 PDT 2016
@@@ ../data/qseq/SxaQSEQsXap108L1/s_1_2_2104_qseq.txt.gz ../data/qseq/SxaQSEQsXap108L1/s_1_1_2104_qseq.txt.gz ../data/qseq/SxaQSEQsXap108L1/s_1_3_2104_qseq.txt.gz -> ../data/fastq/SxaQSEQsXap108L1/s_1_2104.txt...  Fri Jun  3 18:36:30 PDT 2016
@@@ ../data/qseq/SxaQSEQsXap108L1/s_1_2_2105_qseq.txt.gz ../data/qseq/SxaQSEQsXap108L1/s_1_1_2105_qseq.txt.gz ../data/qseq/SxaQSEQsXap108L1/s_1_3_2105_qseq.txt.gz -> ../data/fastq/SxaQSEQsXap108L1/s_1_2105.txt...  Fri Jun  3 18:37:03 PDT 2016
@@@ ../data/qseq/SxaQSEQsXap108L1/s_1_2_2106_qseq.txt.gz ../data/qseq/SxaQSEQsXap108L1/s_1_1_2106_qseq.txt.gz ../data/qseq/SxaQSEQsXap108L1/s_1_3_2106_qseq.txt.gz -> ../data/fastq/SxaQSEQsXap108L1/s_1_2106.txt...  Fri Jun  3 18:37:35 PDT 2016
@@@ ../data/qseq/SxaQSEQsXap108L1/s_1_2_2107_qseq.txt.gz ../data/qseq/SxaQSEQsXap108L1/s_1_1_2107_qseq.txt.gz ../data/qseq/SxaQSEQsXap108L1/s_1_3_2107_qseq.txt.gz -> ../data/fastq/SxaQSEQsXap108L1/s_1_2107.txt...  Fri Jun  3 18:38:07 PDT 2016
@@@ ../data/qseq/SxaQSEQsXap108L1/s_1_2_2108_qseq.txt.gz ../data/qseq/SxaQSEQsXap108L1/s_1_1_2108_qseq.txt.gz ../data/qseq/SxaQSEQsXap108L1/s_1_3_2108_qseq.txt.gz -> ../data/fastq/SxaQSEQsXap108L1/s_1_2108.txt...  Fri Jun  3 18:38:46 PDT 2016
@@@ ../data/qseq/SxaQSEQsXap108L1/s_1_2_2109_qseq.txt.gz ../data/qseq/SxaQSEQsXap108L1/s_1_1_2109_qseq.txt.gz ../data/qseq/SxaQSEQsXap108L1/s_1_3_2109_qseq.txt.gz -> ../data/fastq/SxaQSEQsXap108L1/s_1_2109.txt...  Fri Jun  3 18:39:21 PDT 2016
@@@ ../data/qseq/SxaQSEQsXap108L1/s_1_2_2110_qseq.txt.gz ../data/qseq/SxaQSEQsXap108L1/s_1_1_2110_qseq.txt.gz ../data/qseq/SxaQSEQsXap108L1/s_1_3_2110_qseq.txt.gz -> ../data/fastq/SxaQSEQsXap108L1/s_1_2110.txt...  Fri Jun  3 18:39:59 PDT 2016
@@@ ../data/qseq/SxaQSEQsXap108L1/s_1_2_2111_qseq.txt.gz ../data/qseq/SxaQSEQsXap108L1/s_1_1_2111_qseq.txt.gz ../data/qseq/SxaQSEQsXap108L1/s_1_3_2111_qseq.txt.gz -> ../data/fastq/SxaQSEQsXap108L1/s_1_2111.txt...  Fri Jun  3 18:40:36 PDT 2016
@@@ ../data/qseq/SxaQSEQsXap108L1/s_1_2_2112_qseq.txt.gz ../data/qseq/SxaQSEQsXap108L1/s_1_1_2112_qseq.txt.gz ../data/qseq/SxaQSEQsXap108L1/s_1_3_2112_qseq.txt.gz -> ../data/fastq/SxaQSEQsXap108L1/s_1_2112.txt...  Fri Jun  3 18:41:15 PDT 2016
@@@ ../data/qseq/SxaQSEQsXap108L1/s_1_2_2113_qseq.txt.gz ../data/qseq/SxaQSEQsXap108L1/s_1_1_2113_qseq.txt.gz ../data/qseq/SxaQSEQsXap108L1/s_1_3_2113_qseq.txt.gz -> ../data/fastq/SxaQSEQsXap108L1/s_1_2113.txt...  Fri Jun  3 18:41:56 PDT 2016
@@@ ../data/qseq/SxaQSEQsXap108L1/s_1_2_2114_qseq.txt.gz ../data/qseq/SxaQSEQsXap108L1/s_1_1_2114_qseq.txt.gz ../data/qseq/SxaQSEQsXap108L1/s_1_3_2114_qseq.txt.gz -> ../data/fastq/SxaQSEQsXap108L1/s_1_2114.txt...  Fri Jun  3 18:42:33 PDT 2016
@@@ ../data/qseq/SxaQSEQsXap108L1/s_1_2_2115_qseq.txt.gz ../data/qseq/SxaQSEQsXap108L1/s_1_1_2115_qseq.txt.gz ../data/qseq/SxaQSEQsXap108L1/s_1_3_2115_qseq.txt.gz -> ../data/fastq/SxaQSEQsXap108L1/s_1_2115.txt...  Fri Jun  3 18:43:10 PDT 2016
@@@ ../data/qseq/SxaQSEQsXap108L1/s_1_2_2116_qseq.txt.gz ../data/qseq/SxaQSEQsXap108L1/s_1_1_2116_qseq.txt.gz ../data/qseq/SxaQSEQsXap108L1/s_1_3_2116_qseq.txt.gz -> ../data/fastq/SxaQSEQsXap108L1/s_1_2116.txt...  Fri Jun  3 18:43:49 PDT 2016
@@@ ../data/qseq/SxaQSEQsXap108L1/s_1_2_2201_qseq.txt.gz ../data/qseq/SxaQSEQsXap108L1/s_1_1_2201_qseq.txt.gz ../data/qseq/SxaQSEQsXap108L1/s_1_3_2201_qseq.txt.gz -> ../data/fastq/SxaQSEQsXap108L1/s_1_2201.txt...  Fri Jun  3 18:44:29 PDT 2016
@@@ ../data/qseq/SxaQSEQsXap108L1/s_1_2_2202_qseq.txt.gz ../data/qseq/SxaQSEQsXap108L1/s_1_1_2202_qseq.txt.gz ../data/qseq/SxaQSEQsXap108L1/s_1_3_2202_qseq.txt.gz -> ../data/fastq/SxaQSEQsXap108L1/s_1_2202.txt...  Fri Jun  3 18:44:58 PDT 2016
@@@ ../data/qseq/SxaQSEQsXap108L1/s_1_2_2203_qseq.txt.gz ../data/qseq/SxaQSEQsXap108L1/s_1_1_2203_qseq.txt.gz ../data/qseq/SxaQSEQsXap108L1/s_1_3_2203_qseq.txt.gz -> ../data/fastq/SxaQSEQsXap108L1/s_1_2203.txt...  Fri Jun  3 18:45:28 PDT 2016
@@@ ../data/qseq/SxaQSEQsXap108L1/s_1_2_2204_qseq.txt.gz ../data/qseq/SxaQSEQsXap108L1/s_1_1_2204_qseq.txt.gz ../data/qseq/SxaQSEQsXap108L1/s_1_3_2204_qseq.txt.gz -> ../data/fastq/SxaQSEQsXap108L1/s_1_2204.txt...  Fri Jun  3 18:45:59 PDT 2016
@@@ ../data/qseq/SxaQSEQsXap108L1/s_1_2_2205_qseq.txt.gz ../data/qseq/SxaQSEQsXap108L1/s_1_1_2205_qseq.txt.gz ../data/qseq/SxaQSEQsXap108L1/s_1_3_2205_qseq.txt.gz -> ../data/fastq/SxaQSEQsXap108L1/s_1_2205.txt...  Fri Jun  3 18:46:30 PDT 2016
@@@ ../data/qseq/SxaQSEQsXap108L1/s_1_2_2206_qseq.txt.gz ../data/qseq/SxaQSEQsXap108L1/s_1_1_2206_qseq.txt.gz ../data/qseq/SxaQSEQsXap108L1/s_1_3_2206_qseq.txt.gz -> ../data/fastq/SxaQSEQsXap108L1/s_1_2206.txt...  Fri Jun  3 18:47:01 PDT 2016
@@@ ../data/qseq/SxaQSEQsXap108L1/s_1_2_2207_qseq.txt.gz ../data/qseq/SxaQSEQsXap108L1/s_1_1_2207_qseq.txt.gz ../data/qseq/SxaQSEQsXap108L1/s_1_3_2207_qseq.txt.gz -> ../data/fastq/SxaQSEQsXap108L1/s_1_2207.txt...  Fri Jun  3 18:47:32 PDT 2016
@@@ ../data/qseq/SxaQSEQsXap108L1/s_1_2_2208_qseq.txt.gz ../data/qseq/SxaQSEQsXap108L1/s_1_1_2208_qseq.txt.gz ../data/qseq/SxaQSEQsXap108L1/s_1_3_2208_qseq.txt.gz -> ../data/fastq/SxaQSEQsXap108L1/s_1_2208.txt...  Fri Jun  3 18:48:03 PDT 2016
@@@ ../data/qseq/SxaQSEQsXap108L1/s_1_2_2209_qseq.txt.gz ../data/qseq/SxaQSEQsXap108L1/s_1_1_2209_qseq.txt.gz ../data/qseq/SxaQSEQsXap108L1/s_1_3_2209_qseq.txt.gz -> ../data/fastq/SxaQSEQsXap108L1/s_1_2209.txt...  Fri Jun  3 18:48:35 PDT 2016
@@@ ../data/qseq/SxaQSEQsXap108L1/s_1_2_2210_qseq.txt.gz ../data/qseq/SxaQSEQsXap108L1/s_1_1_2210_qseq.txt.gz ../data/qseq/SxaQSEQsXap108L1/s_1_3_2210_qseq.txt.gz -> ../data/fastq/SxaQSEQsXap108L1/s_1_2210.txt...  Fri Jun  3 18:49:10 PDT 2016
@@@ ../data/qseq/SxaQSEQsXap108L1/s_1_2_2211_qseq.txt.gz ../data/qseq/SxaQSEQsXap108L1/s_1_1_2211_qseq.txt.gz ../data/qseq/SxaQSEQsXap108L1/s_1_3_2211_qseq.txt.gz -> ../data/fastq/SxaQSEQsXap108L1/s_1_2211.txt...  Fri Jun  3 18:49:44 PDT 2016
@@@ ../data/qseq/SxaQSEQsXap108L1/s_1_2_2212_qseq.txt.gz ../data/qseq/SxaQSEQsXap108L1/s_1_1_2212_qseq.txt.gz ../data/qseq/SxaQSEQsXap108L1/s_1_3_2212_qseq.txt.gz -> ../data/fastq/SxaQSEQsXap108L1/s_1_2212.txt...  Fri Jun  3 18:50:20 PDT 2016
@@@ ../data/qseq/SxaQSEQsXap108L1/s_1_2_2213_qseq.txt.gz ../data/qseq/SxaQSEQsXap108L1/s_1_1_2213_qseq.txt.gz ../data/qseq/SxaQSEQsXap108L1/s_1_3_2213_qseq.txt.gz -> ../data/fastq/SxaQSEQsXap108L1/s_1_2213.txt...  Fri Jun  3 18:50:54 PDT 2016
@@@ ../data/qseq/SxaQSEQsXap108L1/s_1_2_2214_qseq.txt.gz ../data/qseq/SxaQSEQsXap108L1/s_1_1_2214_qseq.txt.gz ../data/qseq/SxaQSEQsXap108L1/s_1_3_2214_qseq.txt.gz -> ../data/fastq/SxaQSEQsXap108L1/s_1_2214.txt...  Fri Jun  3 18:51:30 PDT 2016
@@@ ../data/qseq/SxaQSEQsXap108L1/s_1_2_2215_qseq.txt.gz ../data/qseq/SxaQSEQsXap108L1/s_1_1_2215_qseq.txt.gz ../data/qseq/SxaQSEQsXap108L1/s_1_3_2215_qseq.txt.gz -> ../data/fastq/SxaQSEQsXap108L1/s_1_2215.txt...  Fri Jun  3 18:52:05 PDT 2016
@@@ ../data/qseq/SxaQSEQsXap108L1/s_1_2_2216_qseq.txt.gz ../data/qseq/SxaQSEQsXap108L1/s_1_1_2216_qseq.txt.gz ../data/qseq/SxaQSEQsXap108L1/s_1_3_2216_qseq.txt.gz -> ../data/fastq/SxaQSEQsXap108L1/s_1_2216.txt...  Fri Jun  3 18:52:43 PDT 2016
@@@ Done.  Fri Jun  3 18:53:22 PDT 2016
Merging all qseq files into one large file
Counting the number of reads in the lane
Number of unfiltered reads in the lane: 170506707 
Filtering the reads to take only PF = 1
Number of filtered reads in the lane: 159010549 
Percentage of useable reads: 93 %
QSUBing Sample N701 for de-muliplexing and converting to FASTQ...
QSUBing Sample N702 for de-muliplexing and converting to FASTQ...
QSUBing Sample N703 for de-muliplexing and converting to FASTQ...
QSUBing Sample N704 for de-muliplexing and converting to FASTQ...
QSUBing Sample N705 for de-muliplexing and converting to FASTQ...
QSUBing Sample N706 for de-muliplexing and converting to FASTQ...
QSUBing Sample N707 for de-muliplexing and converting to FASTQ...
QSUBing Sample N710 for de-muliplexing and converting to FASTQ...
QSUBing Sample N711 for de-muliplexing and converting to FASTQ...
QSUBing Sample N712 for de-muliplexing and converting to FASTQ...
QSUBing Sample N714 for de-muliplexing and converting to FASTQ...
QSUBing Sample N715 for de-muliplexing and converting to FASTQ...
QSUBing Sample N716 for de-muliplexing and converting to FASTQ...
QSUBing Sample N718 for de-muliplexing and converting to FASTQ...
QSUBing Sample N719 for de-muliplexing and converting to FASTQ...
QSUBing Sample N720 for de-muliplexing and converting to FASTQ...
QSUBing Sample N721 for de-muliplexing and converting to FASTQ...
QSUBing Sample N722 for de-muliplexing and converting to FASTQ...
QSUBing Sample N723 for de-muliplexing and converting to FASTQ...
QSUBing Sample N724 for de-muliplexing and converting to FASTQ...
