Sample info file: ../metadata/Nextera_Indexes.xlsx 
Pool directory: ../data/qseq 
Number of lanes: 2 

Lane: 1
Working on directory: ../data/qseq/SxaQSEQsXap108L1 
Out directory: ../data/fastq/SxaQSEQsXap108L1 
QSUBing Sample N701 for de-muliplexing and converting to FASTQ...
QSUBing Sample N702 for de-muliplexing and converting to FASTQ...
QSUBing Sample N703 for de-muliplexing and converting to FASTQ...
QSUBing Sample N704 for de-muliplexing and converting to FASTQ...
QSUBing Sample N705 for de-muliplexing and converting to FASTQ...
QSUBing Sample N706 for de-muliplexing and converting to FASTQ...
QSUBing Sample N707 for de-muliplexing and converting to FASTQ...
QSUBing Sample N710 for de-muliplexing and converting to FASTQ...
QSUBing Sample N711 for de-muliplexing and converting to FASTQ...
QSUBing Sample N712 for de-muliplexing and converting to FASTQ...
QSUBing Sample N714 for de-muliplexing and converting to FASTQ...
QSUBing Sample N715 for de-muliplexing and converting to FASTQ...
QSUBing Sample N716 for de-muliplexing and converting to FASTQ...
QSUBing Sample N718 for de-muliplexing and converting to FASTQ...
QSUBing Sample N719 for de-muliplexing and converting to FASTQ...
QSUBing Sample N720 for de-muliplexing and converting to FASTQ...
QSUBing Sample N721 for de-muliplexing and converting to FASTQ...
QSUBing Sample N722 for de-muliplexing and converting to FASTQ...
QSUBing Sample N723 for de-muliplexing and converting to FASTQ...
QSUBing Sample N724 for de-muliplexing and converting to FASTQ...

Lane: 2
Working on directory: ../data/qseq/SxaQSEQsXap110L1 
Out directory: ../data/fastq/SxaQSEQsXap110L1 
QSUBing Sample N701 for de-muliplexing and converting to FASTQ...
QSUBing Sample N702 for de-muliplexing and converting to FASTQ...
QSUBing Sample N703 for de-muliplexing and converting to FASTQ...
QSUBing Sample N704 for de-muliplexing and converting to FASTQ...
QSUBing Sample N705 for de-muliplexing and converting to FASTQ...
QSUBing Sample N706 for de-muliplexing and converting to FASTQ...
QSUBing Sample N707 for de-muliplexing and converting to FASTQ...
QSUBing Sample N710 for de-muliplexing and converting to FASTQ...
QSUBing Sample N711 for de-muliplexing and converting to FASTQ...
QSUBing Sample N712 for de-muliplexing and converting to FASTQ...
QSUBing Sample N714 for de-muliplexing and converting to FASTQ...
QSUBing Sample N715 for de-muliplexing and converting to FASTQ...
QSUBing Sample N716 for de-muliplexing and converting to FASTQ...
QSUBing Sample N718 for de-muliplexing and converting to FASTQ...
QSUBing Sample N719 for de-muliplexing and converting to FASTQ...
QSUBing Sample N720 for de-muliplexing and converting to FASTQ...
QSUBing Sample N721 for de-muliplexing and converting to FASTQ...
QSUBing Sample N722 for de-muliplexing and converting to FASTQ...
QSUBing Sample N723 for de-muliplexing and converting to FASTQ...
QSUBing Sample N724 for de-muliplexing and converting to FASTQ...
