
Starting Digital_Gene_Expression_HsMm.sh... Tue Jun 28 15:45:30 PDT 2016


Sample ID:
N701
Alignment output directory:
/geschwindlabshares/RNAseq_singlecellfetal/DS-001_DP/data/digital_gene_expression/human_mouse/SxaQSEQsXap108L1/N701
Running Drop-seq DigitalExpression for:
/geschwindlabshares/RNAseq_singlecellfetal/DS-001_DP/data/bam/human_mouse/SxaQSEQsXap108L1/N701/star_gene_exon_tagged.bam

Sample ID:
N702
Alignment output directory:
/geschwindlabshares/RNAseq_singlecellfetal/DS-001_DP/data/digital_gene_expression/human_mouse/SxaQSEQsXap108L1/N702
Running Drop-seq DigitalExpression for:
/geschwindlabshares/RNAseq_singlecellfetal/DS-001_DP/data/bam/human_mouse/SxaQSEQsXap108L1/N702/star_gene_exon_tagged.bam

Sample ID:
N703
Alignment output directory:
/geschwindlabshares/RNAseq_singlecellfetal/DS-001_DP/data/digital_gene_expression/human_mouse/SxaQSEQsXap108L1/N703
Running Drop-seq DigitalExpression for:
/geschwindlabshares/RNAseq_singlecellfetal/DS-001_DP/data/bam/human_mouse/SxaQSEQsXap108L1/N703/star_gene_exon_tagged.bam

End of Digital_Gene_Expression_HsMm.sh... Tue Jun 28 16:11:22 PDT 2016
