
Starting Digital_Gene_Expression.sh... Mon Jul 11 15:08:45 PDT 2016


Sample ID:
N701
Digital gene expression output directory:
/geschwindlabshares/RNAseq_singlecellfetal/DS-001_DP/data/digital_gene_expression/Digital_Gene_Expression/Homo_sapiens.GRCh37.75.dna.primary_assembly_NoERCC/SxaQSEQsXap108L1/N701
Running Drop-seq DigitalExpression for:
/geschwindlabshares/RNAseq_singlecellfetal/DS-001_DP/data/bam/Homo_sapiens.GRCh37.75.dna.primary_assembly_NoERCC/SxaQSEQsXap108L1/N701/star_gene_exon_tagged.bam

Sample ID:
N702
Digital gene expression output directory:
/geschwindlabshares/RNAseq_singlecellfetal/DS-001_DP/data/digital_gene_expression/Digital_Gene_Expression/Homo_sapiens.GRCh37.75.dna.primary_assembly_NoERCC/SxaQSEQsXap108L1/N702
Running Drop-seq DigitalExpression for:
/geschwindlabshares/RNAseq_singlecellfetal/DS-001_DP/data/bam/Homo_sapiens.GRCh37.75.dna.primary_assembly_NoERCC/SxaQSEQsXap108L1/N702/star_gene_exon_tagged.bam

Sample ID:
N703
Digital gene expression output directory:
/geschwindlabshares/RNAseq_singlecellfetal/DS-001_DP/data/digital_gene_expression/Digital_Gene_Expression/Homo_sapiens.GRCh37.75.dna.primary_assembly_NoERCC/SxaQSEQsXap108L1/N703
Running Drop-seq DigitalExpression for:
/geschwindlabshares/RNAseq_singlecellfetal/DS-001_DP/data/bam/Homo_sapiens.GRCh37.75.dna.primary_assembly_NoERCC/SxaQSEQsXap108L1/N703/star_gene_exon_tagged.bam

End of Digital_Gene_Expression.sh... Mon Jul 11 15:26:29 PDT 2016
